<?xml version="1.0" encoding="UTF-8"?>
<testng-results ignored="0" total="4" passed="2" failed="2" skipped="0">
  <reporter-output>
    <line>
      <![CDATA[-----START delete file in folder----------]]>
    </line>
    <line>
      <![CDATA[-----END delete file in folder----------]]>
    </line>
    <line>
      <![CDATA[---------------------- Passed -----------------------]]>
    </line>
    <line>
      <![CDATA[---------------------- Passed -----------------------]]>
    </line>
  </reporter-output>
  <suite started-at="2024-06-28T10:27:09 ICT" name="NopCommerce Automation Testing" finished-at="2024-06-28T10:28:03 ICT" duration-ms="54156">
    <groups>
    </groups>
    <test started-at="2024-06-28T10:27:09 ICT" name="Run on Chrome browser" finished-at="2024-06-28T10:27:19 ICT" duration-ms="9914">
      <class name="com.nopcommerce.users.Level_18_ExtentReportV5">
        <test-method is-config="true" signature="beforeClass(java.lang.String)[pri:0, instance:com.nopcommerce.users.Level_18_ExtentReportV5@4b40f651]" started-at="2024-06-28T10:27:09 ICT" name="beforeClass" finished-at="2024-06-28T10:27:16 ICT" duration-ms="6409" status="PASS">
          <params>
            <param index="0">
              <value>
                <![CDATA[chrome]]>
              </value>
            </param>
          </params>
          <reporter-output>
          </reporter-output>
        </test-method> <!-- beforeClass -->
        <test-method signature="TC_01_Register_User_To_Admin(java.lang.reflect.Method)[pri:0, instance:com.nopcommerce.users.Level_18_ExtentReportV5@4b40f651]" started-at="2024-06-28T10:27:16 ICT" name="TC_01_Register_User_To_Admin" finished-at="2024-06-28T10:27:17 ICT" duration-ms="1400" status="PASS">
          <params>
            <param index="0">
              <value>
                <![CDATA[public void com.nopcommerce.users.Level_18_ExtentReportV5.TC_01_Register_User_To_Admin(java.lang.reflect.Method)]]>
              </value>
            </param>
          </params>
          <reporter-output>
            <line>
              <![CDATA[---------------------- Passed -----------------------]]>
            </line>
          </reporter-output>
        </test-method> <!-- TC_01_Register_User_To_Admin -->
        <test-method signature="TC_02(java.lang.reflect.Method)[pri:0, instance:com.nopcommerce.users.Level_18_ExtentReportV5@4b40f651]" started-at="2024-06-28T10:27:17 ICT" name="TC_02" finished-at="2024-06-28T10:27:18 ICT" duration-ms="1282" status="FAIL">
          <params>
            <param index="0">
              <value>
                <![CDATA[public void com.nopcommerce.users.Level_18_ExtentReportV5.TC_02(java.lang.reflect.Method)]]>
              </value>
            </param>
          </params>
          <exception class="java.lang.AssertionError">
            <message>
              <![CDATA[expected [Your registration completed.] but found [Your registration completed]]]>
            </message>
            <full-stacktrace>
              <![CDATA[java.lang.AssertionError: expected [Your registration completed.] but found [Your registration completed]
at org.testng.Assert.fail(Assert.java:111)
at org.testng.Assert.failNotEquals(Assert.java:1578)
at org.testng.Assert.assertEqualsImpl(Assert.java:150)
at org.testng.Assert.assertEquals(Assert.java:132)
at org.testng.Assert.assertEquals(Assert.java:656)
at org.testng.Assert.assertEquals(Assert.java:666)
at com.nopcommerce.users.Level_18_ExtentReportV5.TC_02(Level_18_ExtentReportV5.java:83)
at java.base/jdk.internal.reflect.NativeMethodAccessorImpl.invoke0(Native Method)
at java.base/jdk.internal.reflect.NativeMethodAccessorImpl.invoke(NativeMethodAccessorImpl.java:77)
at java.base/jdk.internal.reflect.DelegatingMethodAccessorImpl.invoke(DelegatingMethodAccessorImpl.java:43)
at java.base/java.lang.reflect.Method.invoke(Method.java:568)
at org.testng.internal.invokers.MethodInvocationHelper.invokeMethod(MethodInvocationHelper.java:139)
at org.testng.internal.invokers.TestInvoker.invokeMethod(TestInvoker.java:664)
at org.testng.internal.invokers.TestInvoker.invokeTestMethod(TestInvoker.java:228)
at org.testng.internal.invokers.MethodRunner.runInSequence(MethodRunner.java:63)
at org.testng.internal.invokers.TestInvoker$MethodInvocationAgent.invoke(TestInvoker.java:961)
at org.testng.internal.invokers.TestInvoker.invokeTestMethods(TestInvoker.java:201)
at org.testng.internal.invokers.TestMethodWorker.invokeTestMethods(TestMethodWorker.java:148)
at org.testng.internal.invokers.TestMethodWorker.run(TestMethodWorker.java:128)
at java.base/java.util.ArrayList.forEach(ArrayList.java:1511)
at org.testng.TestRunner.privateRun(TestRunner.java:819)
at org.testng.TestRunner.run(TestRunner.java:619)
at org.testng.SuiteRunner.runTest(SuiteRunner.java:443)
at org.testng.SuiteRunner.runSequentially(SuiteRunner.java:437)
at org.testng.SuiteRunner.privateRun(SuiteRunner.java:397)
at org.testng.SuiteRunner.run(SuiteRunner.java:336)
at org.testng.SuiteRunnerWorker.runSuite(SuiteRunnerWorker.java:52)
at org.testng.SuiteRunnerWorker.run(SuiteRunnerWorker.java:95)
at org.testng.TestNG.runSuitesSequentially(TestNG.java:1301)
at org.testng.TestNG.runSuitesLocally(TestNG.java:1228)
at org.testng.TestNG.runSuites(TestNG.java:1134)
at org.testng.TestNG.run(TestNG.java:1101)
at com.intellij.rt.testng.IDEARemoteTestNG.run(IDEARemoteTestNG.java:65)
at com.intellij.rt.testng.RemoteTestNGStarter.main(RemoteTestNGStarter.java:105)
]]>
            </full-stacktrace>
          </exception> <!-- java.lang.AssertionError -->
          <reporter-output>
          </reporter-output>
        </test-method> <!-- TC_02 -->
        <test-method is-config="true" signature="afterClass()[pri:0, instance:com.nopcommerce.users.Level_18_ExtentReportV5@4b40f651]" started-at="2024-06-28T10:27:18 ICT" name="afterClass" finished-at="2024-06-28T10:27:19 ICT" duration-ms="673" status="PASS">
          <reporter-output>
          </reporter-output>
        </test-method> <!-- afterClass -->
      </class> <!-- com.nopcommerce.users.Level_18_ExtentReportV5 -->
    </test> <!-- Run on Chrome browser -->
    <test started-at="2024-06-28T10:27:19 ICT" name="Run on Firefox browser" finished-at="2024-06-28T10:28:03 ICT" duration-ms="44011">
      <class name="com.nopcommerce.users.Level_18_ExtentReportV5">
        <test-method is-config="true" signature="deleteFileInReport()[pri:0, instance:com.nopcommerce.users.Level_18_ExtentReportV5@73194df]" started-at="2024-06-28T10:27:09 ICT" name="deleteFileInReport" finished-at="2024-06-28T10:27:09 ICT" duration-ms="12" status="PASS">
          <reporter-output>
            <line>
              <![CDATA[-----START delete file in folder----------]]>
            </line>
            <line>
              <![CDATA[-----END delete file in folder----------]]>
            </line>
          </reporter-output>
        </test-method> <!-- deleteFileInReport -->
        <test-method is-config="true" signature="beforeClass(java.lang.String)[pri:0, instance:com.nopcommerce.users.Level_18_ExtentReportV5@73194df]" started-at="2024-06-28T10:27:19 ICT" name="beforeClass" finished-at="2024-06-28T10:27:55 ICT" duration-ms="35747" status="PASS">
          <params>
            <param index="0">
              <value>
                <![CDATA[firefox]]>
              </value>
            </param>
          </params>
          <reporter-output>
          </reporter-output>
        </test-method> <!-- beforeClass -->
        <test-method signature="TC_01_Register_User_To_Admin(java.lang.reflect.Method)[pri:0, instance:com.nopcommerce.users.Level_18_ExtentReportV5@73194df]" started-at="2024-06-28T10:27:55 ICT" name="TC_01_Register_User_To_Admin" finished-at="2024-06-28T10:27:57 ICT" duration-ms="1563" status="PASS">
          <params>
            <param index="0">
              <value>
                <![CDATA[public void com.nopcommerce.users.Level_18_ExtentReportV5.TC_01_Register_User_To_Admin(java.lang.reflect.Method)]]>
              </value>
            </param>
          </params>
          <reporter-output>
            <line>
              <![CDATA[---------------------- Passed -----------------------]]>
            </line>
          </reporter-output>
        </test-method> <!-- TC_01_Register_User_To_Admin -->
        <test-method signature="TC_02(java.lang.reflect.Method)[pri:0, instance:com.nopcommerce.users.Level_18_ExtentReportV5@73194df]" started-at="2024-06-28T10:27:57 ICT" name="TC_02" finished-at="2024-06-28T10:27:58 ICT" duration-ms="1544" status="FAIL">
          <params>
            <param index="0">
              <value>
                <![CDATA[public void com.nopcommerce.users.Level_18_ExtentReportV5.TC_02(java.lang.reflect.Method)]]>
              </value>
            </param>
          </params>
          <exception class="java.lang.AssertionError">
            <message>
              <![CDATA[expected [Your registration completed.] but found [Your registration completed]]]>
            </message>
            <full-stacktrace>
              <![CDATA[java.lang.AssertionError: expected [Your registration completed.] but found [Your registration completed]
at org.testng.Assert.fail(Assert.java:111)
at org.testng.Assert.failNotEquals(Assert.java:1578)
at org.testng.Assert.assertEqualsImpl(Assert.java:150)
at org.testng.Assert.assertEquals(Assert.java:132)
at org.testng.Assert.assertEquals(Assert.java:656)
at org.testng.Assert.assertEquals(Assert.java:666)
at com.nopcommerce.users.Level_18_ExtentReportV5.TC_02(Level_18_ExtentReportV5.java:83)
at java.base/jdk.internal.reflect.NativeMethodAccessorImpl.invoke0(Native Method)
at java.base/jdk.internal.reflect.NativeMethodAccessorImpl.invoke(NativeMethodAccessorImpl.java:77)
at java.base/jdk.internal.reflect.DelegatingMethodAccessorImpl.invoke(DelegatingMethodAccessorImpl.java:43)
at java.base/java.lang.reflect.Method.invoke(Method.java:568)
at org.testng.internal.invokers.MethodInvocationHelper.invokeMethod(MethodInvocationHelper.java:139)
at org.testng.internal.invokers.TestInvoker.invokeMethod(TestInvoker.java:664)
at org.testng.internal.invokers.TestInvoker.invokeTestMethod(TestInvoker.java:228)
at org.testng.internal.invokers.MethodRunner.runInSequence(MethodRunner.java:63)
at org.testng.internal.invokers.TestInvoker$MethodInvocationAgent.invoke(TestInvoker.java:961)
at org.testng.internal.invokers.TestInvoker.invokeTestMethods(TestInvoker.java:201)
at org.testng.internal.invokers.TestMethodWorker.invokeTestMethods(TestMethodWorker.java:148)
at org.testng.internal.invokers.TestMethodWorker.run(TestMethodWorker.java:128)
at java.base/java.util.ArrayList.forEach(ArrayList.java:1511)
at org.testng.TestRunner.privateRun(TestRunner.java:819)
at org.testng.TestRunner.run(TestRunner.java:619)
at org.testng.SuiteRunner.runTest(SuiteRunner.java:443)
at org.testng.SuiteRunner.runSequentially(SuiteRunner.java:437)
at org.testng.SuiteRunner.privateRun(SuiteRunner.java:397)
at org.testng.SuiteRunner.run(SuiteRunner.java:336)
at org.testng.SuiteRunnerWorker.runSuite(SuiteRunnerWorker.java:52)
at org.testng.SuiteRunnerWorker.run(SuiteRunnerWorker.java:95)
at org.testng.TestNG.runSuitesSequentially(TestNG.java:1301)
at org.testng.TestNG.runSuitesLocally(TestNG.java:1228)
at org.testng.TestNG.runSuites(TestNG.java:1134)
at org.testng.TestNG.run(TestNG.java:1101)
at com.intellij.rt.testng.IDEARemoteTestNG.run(IDEARemoteTestNG.java:65)
at com.intellij.rt.testng.RemoteTestNGStarter.main(RemoteTestNGStarter.java:105)
]]>
            </full-stacktrace>
          </exception> <!-- java.lang.AssertionError -->
          <reporter-output>
          </reporter-output>
        </test-method> <!-- TC_02 -->
        <test-method is-config="true" signature="afterClass()[pri:0, instance:com.nopcommerce.users.Level_18_ExtentReportV5@73194df]" started-at="2024-06-28T10:27:58 ICT" name="afterClass" finished-at="2024-06-28T10:28:03 ICT" duration-ms="5080" status="PASS">
          <reporter-output>
          </reporter-output>
        </test-method> <!-- afterClass -->
      </class> <!-- com.nopcommerce.users.Level_18_ExtentReportV5 -->
    </test> <!-- Run on Firefox browser -->
  </suite> <!-- NopCommerce Automation Testing -->
</testng-results>
