<?xml version="1.0" encoding="UTF-8"?>
<!-- Generated by org.testng.reporters.JUnitReportReporter -->
<testsuite hostname="WDSC300000020" failures="2" tests="4" name="com.nopcommerce.users.Level_16_ReportNG" time="7.189" errors="0" timestamp="2024-06-27T17:23:56 ICT" skipped="0">
  <testcase classname="com.nopcommerce.users.Level_16_ReportNG" name="TC_01_Register_User_To_Admin" time="1.653">
    <system-out>
      <![CDATA[Register - Step 1: verify Register link is not displayed
---------------------- Passed -----------------------
Register - Step 2: Click to Register link
Register - Step 3: Click to Gender Male Radio
Register - Step 4: Click to Register button
Register - Step 5: Verify error message at First Name textbox
---------------------- Passed -----------------------
Register - Step 6: Verify error message at Last Name textbox
---------------------- Passed -----------------------]]>
    </system-out>
  </testcase> <!-- TC_01_Register_User_To_Admin -->
  <testcase classname="com.nopcommerce.users.Level_16_ReportNG" name="TC_01_Register_User_To_Admin" time="1.314">
    <system-out>
      <![CDATA[Register - Step 1: verify Register link is not displayed
---------------------- Passed -----------------------
Register - Step 2: Click to Register link
Register - Step 3: Click to Gender Male Radio
Register - Step 4: Click to Register button
Register - Step 5: Verify error message at First Name textbox
---------------------- Passed -----------------------
Register - Step 6: Verify error message at Last Name textbox
---------------------- Passed -----------------------]]>
    </system-out>
  </testcase> <!-- TC_01_Register_User_To_Admin -->
  <testcase classname="com.nopcommerce.users.Level_16_ReportNG" name="TC_02" time="2.077">
    <failure message="expected [Your registration completed.] but found [Your registration completed]" type="java.lang.AssertionError">
      <![CDATA[java.lang.AssertionError: expected [Your registration completed.] but found [Your registration completed]
at org.testng.Assert.fail(Assert.java:111)
at org.testng.Assert.failNotEquals(Assert.java:1578)
at org.testng.Assert.assertEqualsImpl(Assert.java:150)
at org.testng.Assert.assertEquals(Assert.java:132)
at org.testng.Assert.assertEquals(Assert.java:644)
at commons.BaseTest.verifyEquals(BaseTest.java:110)
at com.nopcommerce.users.Level_16_ReportNG.TC_02(Level_16_ReportNG.java:75)
at java.base/jdk.internal.reflect.NativeMethodAccessorImpl.invoke0(Native Method)
at java.base/jdk.internal.reflect.NativeMethodAccessorImpl.invoke(NativeMethodAccessorImpl.java:77)
at java.base/jdk.internal.reflect.DelegatingMethodAccessorImpl.invoke(DelegatingMethodAccessorImpl.java:43)
at java.base/java.lang.reflect.Method.invoke(Method.java:568)
at org.testng.internal.invokers.MethodInvocationHelper.invokeMethod(MethodInvocationHelper.java:139)
at org.testng.internal.invokers.TestInvoker.invokeMethod(TestInvoker.java:664)
at org.testng.internal.invokers.TestInvoker.invokeTestMethod(TestInvoker.java:228)
at org.testng.internal.invokers.MethodRunner.runInSequence(MethodRunner.java:63)
at org.testng.internal.invokers.TestInvoker$MethodInvocationAgent.invoke(TestInvoker.java:961)
at org.testng.internal.invokers.TestInvoker.invokeTestMethods(TestInvoker.java:201)
at org.testng.internal.invokers.TestMethodWorker.invokeTestMethods(TestMethodWorker.java:148)
at org.testng.internal.invokers.TestMethodWorker.run(TestMethodWorker.java:128)
at java.base/java.util.ArrayList.forEach(ArrayList.java:1511)
at org.testng.TestRunner.privateRun(TestRunner.java:819)
at org.testng.TestRunner.run(TestRunner.java:619)
at org.testng.SuiteRunner.runTest(SuiteRunner.java:443)
at org.testng.SuiteRunner.runSequentially(SuiteRunner.java:437)
at org.testng.SuiteRunner.privateRun(SuiteRunner.java:397)
at org.testng.SuiteRunner.run(SuiteRunner.java:336)
at org.testng.SuiteRunnerWorker.runSuite(SuiteRunnerWorker.java:52)
at org.testng.SuiteRunnerWorker.run(SuiteRunnerWorker.java:95)
at org.testng.TestNG.runSuitesSequentially(TestNG.java:1301)
at org.testng.TestNG.runSuitesLocally(TestNG.java:1228)
at org.testng.TestNG.runSuites(TestNG.java:1134)
at org.testng.TestNG.run(TestNG.java:1101)
at com.intellij.rt.testng.IDEARemoteTestNG.run(IDEARemoteTestNG.java:65)
at com.intellij.rt.testng.RemoteTestNGStarter.main(RemoteTestNGStarter.java:105)
]]>
    </failure>
    <system-out>
      <![CDATA[Register - Step 7: Enter to First Name Textbox: Tran
Register - Step 8: Enter to Last Name Textbox: Thi
Register - Step 9: Enter to Day dropdown: 10
Register - Step 10: Enter to Month dropdown: May
Register - Step 11: Enter to Year dropdown: 1994
Register - Step 12: Enter to Email textbox: jasmine48730@gmail.com
Register - Step 13: Enter to Company textbox: NEXTG
Register - Step 14: Enter to Password textbox: abcde12345-
Register - Step 15: Enter to confirm password textbox: abcde12345-
Register - Step 16: Click to Register button
Register - Step 17: Verify success message is displayed
---------------------- Failed -----------------------]]>
    </system-out>
  </testcase> <!-- TC_02 -->
  <testcase classname="com.nopcommerce.users.Level_16_ReportNG" name="TC_02" time="2.145">
    <failure message="expected [Your registration completed.] but found [Your registration completed]" type="java.lang.AssertionError">
      <![CDATA[java.lang.AssertionError: expected [Your registration completed.] but found [Your registration completed]
at org.testng.Assert.fail(Assert.java:111)
at org.testng.Assert.failNotEquals(Assert.java:1578)
at org.testng.Assert.assertEqualsImpl(Assert.java:150)
at org.testng.Assert.assertEquals(Assert.java:132)
at org.testng.Assert.assertEquals(Assert.java:644)
at commons.BaseTest.verifyEquals(BaseTest.java:110)
at com.nopcommerce.users.Level_16_ReportNG.TC_02(Level_16_ReportNG.java:75)
at java.base/jdk.internal.reflect.NativeMethodAccessorImpl.invoke0(Native Method)
at java.base/jdk.internal.reflect.NativeMethodAccessorImpl.invoke(NativeMethodAccessorImpl.java:77)
at java.base/jdk.internal.reflect.DelegatingMethodAccessorImpl.invoke(DelegatingMethodAccessorImpl.java:43)
at java.base/java.lang.reflect.Method.invoke(Method.java:568)
at org.testng.internal.invokers.MethodInvocationHelper.invokeMethod(MethodInvocationHelper.java:139)
at org.testng.internal.invokers.TestInvoker.invokeMethod(TestInvoker.java:664)
at org.testng.internal.invokers.TestInvoker.invokeTestMethod(TestInvoker.java:228)
at org.testng.internal.invokers.MethodRunner.runInSequence(MethodRunner.java:63)
at org.testng.internal.invokers.TestInvoker$MethodInvocationAgent.invoke(TestInvoker.java:961)
at org.testng.internal.invokers.TestInvoker.invokeTestMethods(TestInvoker.java:201)
at org.testng.internal.invokers.TestMethodWorker.invokeTestMethods(TestMethodWorker.java:148)
at org.testng.internal.invokers.TestMethodWorker.run(TestMethodWorker.java:128)
at java.base/java.util.ArrayList.forEach(ArrayList.java:1511)
at org.testng.TestRunner.privateRun(TestRunner.java:819)
at org.testng.TestRunner.run(TestRunner.java:619)
at org.testng.SuiteRunner.runTest(SuiteRunner.java:443)
at org.testng.SuiteRunner.runSequentially(SuiteRunner.java:437)
at org.testng.SuiteRunner.privateRun(SuiteRunner.java:397)
at org.testng.SuiteRunner.run(SuiteRunner.java:336)
at org.testng.SuiteRunnerWorker.runSuite(SuiteRunnerWorker.java:52)
at org.testng.SuiteRunnerWorker.run(SuiteRunnerWorker.java:95)
at org.testng.TestNG.runSuitesSequentially(TestNG.java:1301)
at org.testng.TestNG.runSuitesLocally(TestNG.java:1228)
at org.testng.TestNG.runSuites(TestNG.java:1134)
at org.testng.TestNG.run(TestNG.java:1101)
at com.intellij.rt.testng.IDEARemoteTestNG.run(IDEARemoteTestNG.java:65)
at com.intellij.rt.testng.RemoteTestNGStarter.main(RemoteTestNGStarter.java:105)
]]>
    </failure>
    <system-out>
      <![CDATA[Register - Step 7: Enter to First Name Textbox: Tran
Register - Step 8: Enter to Last Name Textbox: Thi
Register - Step 9: Enter to Day dropdown: 10
Register - Step 10: Enter to Month dropdown: May
Register - Step 11: Enter to Year dropdown: 1994
Register - Step 12: Enter to Email textbox: jasmine94790@gmail.com
Register - Step 13: Enter to Company textbox: NEXTG
Register - Step 14: Enter to Password textbox: abcde12345-
Register - Step 15: Enter to confirm password textbox: abcde12345-
Register - Step 16: Click to Register button
Register - Step 17: Verify success message is displayed
---------------------- Failed -----------------------]]>
    </system-out>
  </testcase> <!-- TC_02 -->
  <system-out>
    <![CDATA[-----START delete file in folder----------
-----END delete file in folder----------
Register - Step 1: verify Register link is not displayed
---------------------- Passed -----------------------
Register - Step 2: Click to Register link
Register - Step 3: Click to Gender Male Radio
Register - Step 4: Click to Register button
Register - Step 5: Verify error message at First Name textbox
---------------------- Passed -----------------------
Register - Step 6: Verify error message at Last Name textbox
---------------------- Passed -----------------------
Register - Step 7: Enter to First Name Textbox: Tran
Register - Step 8: Enter to Last Name Textbox: Thi
Register - Step 9: Enter to Day dropdown: 10
Register - Step 10: Enter to Month dropdown: May
Register - Step 11: Enter to Year dropdown: 1994
Register - Step 12: Enter to Email textbox: jasmine48730@gmail.com
Register - Step 13: Enter to Company textbox: NEXTG
Register - Step 14: Enter to Password textbox: abcde12345-
Register - Step 15: Enter to confirm password textbox: abcde12345-
Register - Step 16: Click to Register button
Register - Step 17: Verify success message is displayed
---------------------- Failed -----------------------
Register - Step 1: verify Register link is not displayed
---------------------- Passed -----------------------
Register - Step 2: Click to Register link
Register - Step 3: Click to Gender Male Radio
Register - Step 4: Click to Register button
Register - Step 5: Verify error message at First Name textbox
---------------------- Passed -----------------------
Register - Step 6: Verify error message at Last Name textbox
---------------------- Passed -----------------------
Register - Step 7: Enter to First Name Textbox: Tran
Register - Step 8: Enter to Last Name Textbox: Thi
Register - Step 9: Enter to Day dropdown: 10
Register - Step 10: Enter to Month dropdown: May
Register - Step 11: Enter to Year dropdown: 1994
Register - Step 12: Enter to Email textbox: jasmine94790@gmail.com
Register - Step 13: Enter to Company textbox: NEXTG
Register - Step 14: Enter to Password textbox: abcde12345-
Register - Step 15: Enter to confirm password textbox: abcde12345-
Register - Step 16: Click to Register button
Register - Step 17: Verify success message is displayed
---------------------- Failed -----------------------]]>
  </system-out>
</testsuite> <!-- com.nopcommerce.users.Level_16_ReportNG -->
